<?xml version="1.0" encoding="UTF-8"?>
<!-- Generated by org.testng.reporters.JUnitXMLReporter -->
<testsuite hostname="NCS-PC" ignored="0" name="Default test" tests="4" failures="0" timestamp="2020-08-13T22:32:26 IST" time="344.672" errors="0">
  <testcase name="facebook" time="124.108" classname="abc.Priority"/>
  <testcase name="Instagram" time="76.886" classname="abc.Priority"/>
  <testcase name="Quickyes" time="57.112" classname="abc.Priority"/>
  <testcase name="google" time="86.198" classname="abc.Priority"/>
</testsuite> <!-- Default test -->
