<?xml version="1.0" encoding="UTF-8"?>
<!-- Generated by org.testng.reporters.JUnitXMLReporter -->
<testsuite hostname="NCS-PC" ignored="0" name="default" tests="4" failures="0" timestamp="2020-08-13T22:46:00 IST" time="52.022" errors="0">
  <testcase name="openbrowser" time="17.707" classname="abc.Parameter"/>
  <testcase name="Enterurl" time="28.31" classname="abc.Parameter"/>
  <testcase name="datatitle" time="0.841" classname="abc.Parameter"/>
  <testcase name="ztaskcomplete" time="5.119" classname="abc.Parameter"/>
</testsuite> <!-- default -->
