<?xml version="1.0" encoding="UTF-8"?>
<!-- Generated by org.testng.reporters.JUnitXMLReporter -->
<testsuite hostname="NCS-PC" ignored="3" name="Test" tests="3" failures="0" timestamp="2020-08-17T16:11:06 IST" time="0.266" errors="0">
  <testcase name="facebook" time="0.031" classname="abc.day1"/>
  <testcase name="whatsappchecking" time="0.0" classname="abc.day1"/>
  <testcase name="mobilesendingmessage" time="0.015" classname="abc.day1"/>
  <testcase name="Webfacebook" time="0.0" classname="abc.day2">
    <ignored/>
  </testcase> <!-- Webfacebook -->
  <testcase name="instagram" time="0.0" classname="abc.day1">
    <ignored/>
  </testcase> <!-- instagram -->
  <testcase name="Webwhatsapp" time="0.0" classname="abc.day2">
    <ignored/>
  </testcase> <!-- Webwhatsapp -->
</testsuite> <!-- Test -->
